0 info it worked if it ends with ok
1 verbose cli [ '/home/ubuntu/.nvm/versions/node/v4.7.3/bin/node',
1 verbose cli   '/home/ubuntu/.nvm/versions/node/v4.7.3/bin/npm',
1 verbose cli   'install',
1 verbose cli   'heroku' ]
2 info using npm@2.15.11
3 info using node@v4.7.3
4 verbose install initial load of /home/ubuntu/workspace/DeployingDemo/package.json
5 verbose stack Error: Failed to parse json
5 verbose stack Unexpected token 's' at 13:6
5 verbose stack     "start": "node app.js"
5 verbose stack      ^
5 verbose stack     at parseError (/home/ubuntu/.nvm/versions/node/v4.7.3/lib/node_modules/npm/node_modules/read-package-json/read-json.js:390:11)
5 verbose stack     at parseJson (/home/ubuntu/.nvm/versions/node/v4.7.3/lib/node_modules/npm/node_modules/read-package-json/read-json.js:79:23)
5 verbose stack     at /home/ubuntu/.nvm/versions/node/v4.7.3/lib/node_modules/npm/node_modules/read-package-json/read-json.js:48:5
5 verbose stack     at /home/ubuntu/.nvm/versions/node/v4.7.3/lib/node_modules/npm/node_modules/graceful-fs/graceful-fs.js:78:16
5 verbose stack     at FSReqWrap.readFileAfterClose [as oncomplete] (fs.js:380:3)
6 verbose cwd /home/ubuntu/workspace/DeployingDemo
7 error Linux 4.9.17-c9
8 error argv "/home/ubuntu/.nvm/versions/node/v4.7.3/bin/node" "/home/ubuntu/.nvm/versions/node/v4.7.3/bin/npm" "install" "heroku"
9 error node v4.7.3
10 error npm  v2.15.11
11 error file /home/ubuntu/workspace/DeployingDemo/package.json
12 error code EJSONPARSE
13 error Failed to parse json
13 error Unexpected token 's' at 13:6
13 error     "start": "node app.js"
13 error      ^
14 error File: /home/ubuntu/workspace/DeployingDemo/package.json
15 error Failed to parse package.json data.
15 error package.json must be actual JSON, not just JavaScript.
15 error
15 error This is not a bug in npm.
15 error Tell the package author to fix their package.json file. JSON.parse
16 verbose exit [ 1, true ]
